<?xml version="1.0" encoding="UTF-8"?>
<!-- Generated by org.testng.reporters.JUnitXMLReporter -->
<testsuite ignored="0" hostname="DESKTOP-3QFF56L" failures="2" tests="6" name="Test" time="168.014" errors="0" timestamp="2023-07-24T17:54:09 IST">
  <testcase classname="Com.Ecommerce.TestCases.TC_loginapp" name="login" time="7.714">
    <failure type="java.lang.AssertionError" message="expected [true] but found [false]">
      <![CDATA[java.lang.AssertionError: expected [true] but found [false]
at Com.Ecommerce.TestCases.TC_loginapp.login(TC_loginapp.java:38)
at java.base/java.util.ArrayList.forEach(ArrayList.java:1511)
... Removed 31 stack frames]]>
    </failure>
  </testcase> <!-- login -->
  <testcase classname="Com.Ecommerce.TestCases.TestData" name="login" time="7.773">
    <failure type="java.lang.AssertionError" message="expected [true] but found [false]">
      <![CDATA[java.lang.AssertionError: expected [true] but found [false]
at Com.Ecommerce.TestCases.TestData.login(TestData.java:48)
at java.base/java.util.ArrayList.forEach(ArrayList.java:1511)
... Removed 31 stack frames]]>
    </failure>
  </testcase> <!-- login -->
  <testcase classname="Com.Ecommerce.TestCases.TestData" name="login" time="7.014"/>
  <testcase classname="Com.Ecommerce.TestCases.TestData" name="login" time="7.835"/>
  <testcase classname="Com.Ecommerce.TestCases.TestData" name="login" time="7.698"/>
  <testcase classname="Com.Ecommerce.TestCases.TestData" name="login" time="7.724"/>
</testsuite> <!-- Test -->
